{"src/Thermostat.js":{"path":"src/Thermostat.js","s":{"1":1,"2":17,"3":17,"4":17,"5":17,"6":1,"7":2,"8":1,"9":4,"10":1,"11":1,"12":3,"13":3,"14":1,"15":4,"16":1,"17":1,"18":3,"19":3,"20":1,"21":1,"22":1,"23":2,"24":1,"25":6,"26":5,"27":5,"28":1,"29":1,"30":1,"31":4,"32":1,"33":3,"34":2,"35":1},"b":{"1":[1,3],"2":[1,3],"3":[5,1],"4":[1,3],"5":[2,1]},"f":{"1":17,"2":2,"3":4,"4":4,"5":1,"6":2,"7":6,"8":4},"fnMap":{"1":{"name":"Thermostat","line":3,"loc":{"start":{"line":3,"column":0},"end":{"line":3,"column":22}}},"2":{"name":"(anonymous_2)","line":10,"loc":{"start":{"line":10,"column":28},"end":{"line":10,"column":39}}},"3":{"name":"(anonymous_3)","line":14,"loc":{"start":{"line":14,"column":26},"end":{"line":14,"column":40}}},"4":{"name":"(anonymous_4)","line":23,"loc":{"start":{"line":23,"column":28},"end":{"line":23,"column":42}}},"5":{"name":"(anonymous_5)","line":32,"loc":{"start":{"line":32,"column":29},"end":{"line":32,"column":40}}},"6":{"name":"(anonymous_6)","line":36,"loc":{"start":{"line":36,"column":39},"end":{"line":36,"column":50}}},"7":{"name":"(anonymous_7)","line":40,"loc":{"start":{"line":40,"column":41},"end":{"line":40,"column":52}}},"8":{"name":"(anonymous_8)","line":50,"loc":{"start":{"line":50,"column":35},"end":{"line":50,"column":46}}}},"statementMap":{"1":{"start":{"line":3,"column":0},"end":{"line":8,"column":1}},"2":{"start":{"line":4,"column":4},"end":{"line":4,"column":27}},"3":{"start":{"line":5,"column":1},"end":{"line":5,"column":20}},"4":{"start":{"line":6,"column":4},"end":{"line":6,"column":23}},"5":{"start":{"line":7,"column":4},"end":{"line":7,"column":29}},"6":{"start":{"line":10,"column":0},"end":{"line":12,"column":2}},"7":{"start":{"line":11,"column":4},"end":{"line":11,"column":29}},"8":{"start":{"line":14,"column":0},"end":{"line":21,"column":2}},"9":{"start":{"line":15,"column":4},"end":{"line":18,"column":5}},"10":{"start":{"line":16,"column":2},"end":{"line":16,"column":74}},"11":{"start":{"line":17,"column":2},"end":{"line":17,"column":18}},"12":{"start":{"line":19,"column":4},"end":{"line":19,"column":29}},"13":{"start":{"line":20,"column":1},"end":{"line":20,"column":11}},"14":{"start":{"line":23,"column":0},"end":{"line":30,"column":2}},"15":{"start":{"line":24,"column":1},"end":{"line":27,"column":2}},"16":{"start":{"line":25,"column":2},"end":{"line":25,"column":74}},"17":{"start":{"line":26,"column":8},"end":{"line":26,"column":24}},"18":{"start":{"line":28,"column":4},"end":{"line":28,"column":29}},"19":{"start":{"line":29,"column":1},"end":{"line":29,"column":11}},"20":{"start":{"line":32,"column":0},"end":{"line":34,"column":2}},"21":{"start":{"line":33,"column":1},"end":{"line":33,"column":24}},"22":{"start":{"line":36,"column":0},"end":{"line":38,"column":2}},"23":{"start":{"line":37,"column":1},"end":{"line":37,"column":26}},"24":{"start":{"line":40,"column":0},"end":{"line":48,"column":2}},"25":{"start":{"line":41,"column":1},"end":{"line":47,"column":2}},"26":{"start":{"line":42,"column":2},"end":{"line":42,"column":28}},"27":{"start":{"line":43,"column":2},"end":{"line":43,"column":21}},"28":{"start":{"line":45,"column":2},"end":{"line":45,"column":27}},"29":{"start":{"line":46,"column":2},"end":{"line":46,"column":21}},"30":{"start":{"line":50,"column":0},"end":{"line":54,"column":2}},"31":{"start":{"line":51,"column":1},"end":{"line":51,"column":51}},"32":{"start":{"line":51,"column":30},"end":{"line":51,"column":49}},"33":{"start":{"line":52,"column":1},"end":{"line":52,"column":54}},"34":{"start":{"line":52,"column":30},"end":{"line":52,"column":52}},"35":{"start":{"line":53,"column":1},"end":{"line":53,"column":21}}},"branchMap":{"1":{"line":15,"type":"if","locations":[{"start":{"line":15,"column":4},"end":{"line":15,"column":4}},{"start":{"line":15,"column":4},"end":{"line":15,"column":4}}]},"2":{"line":24,"type":"if","locations":[{"start":{"line":24,"column":1},"end":{"line":24,"column":1}},{"start":{"line":24,"column":1},"end":{"line":24,"column":1}}]},"3":{"line":41,"type":"if","locations":[{"start":{"line":41,"column":1},"end":{"line":41,"column":1}},{"start":{"line":41,"column":1},"end":{"line":41,"column":1}}]},"4":{"line":51,"type":"if","locations":[{"start":{"line":51,"column":1},"end":{"line":51,"column":1}},{"start":{"line":51,"column":1},"end":{"line":51,"column":1}}]},"5":{"line":52,"type":"if","locations":[{"start":{"line":52,"column":1},"end":{"line":52,"column":1}},{"start":{"line":52,"column":1},"end":{"line":52,"column":1}}]}}}}